Using pre-set license

 COMMAND LINE ARGUMENTS:
/Applications/Unity/Hub/Editor/2020.2.1f1/Unity.app/Contents/MacOS/Unity
-adb2
-batchMode
-noUpm
-name
AssetImportWorker0
-projectPath
/Users/leosjulien/Documents/Self/Programing/Projects/Floww
-logFile
Logs/AssetImportWorker0.log
-srvPort
58873
Successfully changed project path to: /Users/leosjulien/Documents/Self/Programing/Projects/Floww
/Users/leosjulien/Documents/Self/Programing/Projects/Floww
Using Asset Import Pipeline V2.
Refreshing native plugins compatible for Editor in 27.32 ms, found 1 plugins.
Preloading 0 native plugins for Editor in 0.00 ms.
Initialize engine version: 2020.2.1f1 (270dd8c3da1c)
[Subsystems] Discovering subsystems at path /Applications/Unity/Hub/Editor/2020.2.1f1/Unity.app/Contents/Resources/UnitySubsystems
[Subsystems] Discovering subsystems at path /Users/leosjulien/Documents/Self/Programing/Projects/Floww/Assets
GfxDevice: creating device client; threaded=0
2021-03-03 08:21:35.013 Unity[4520:592950] Color LCD preferred device: Intel(R) Iris(TM) Plus Graphics 650 (low power)
2021-03-03 08:21:35.013 Unity[4520:592950] Metal devices available: 1
2021-03-03 08:21:35.013 Unity[4520:592950] 0: Intel(R) Iris(TM) Plus Graphics 650 (low power)
2021-03-03 08:21:35.013 Unity[4520:592950] Using device Intel(R) Iris(TM) Plus Graphics 650 (low power)
Initializing Metal device caps: Intel(R) Iris(TM) Plus Graphics 650
Initialize mono
Mono path[0] = '/Applications/Unity/Hub/Editor/2020.2.1f1/Unity.app/Contents/Managed'
Mono path[1] = '/Applications/Unity/Hub/Editor/2020.2.1f1/Unity.app/Contents/MonoBleedingEdge/lib/mono/unityjit'
Mono config path = '/Applications/Unity/Hub/Editor/2020.2.1f1/Unity.app/Contents/MonoBleedingEdge/etc'
Using monoOptions --debugger-agent=transport=dt_socket,embedding=1,server=y,suspend=n,address=127.0.0.1:56520
Begin MonoManager ReloadAssembly
Registering precompiled unity dll's ...
Register platform support module: /Applications/Unity/Hub/Editor/2020.2.1f1/Unity.app/Contents/PlaybackEngines/MacStandaloneSupport/UnityEditor.OSXStandalone.Extensions.dll
Registered in 0.016421 seconds.
Native extension for OSXStandalone target not found
Refreshing native plugins compatible for Editor in 38.94 ms, found 1 plugins.
Preloading 0 native plugins for Editor in 0.00 ms.
Invoked RoslynAnalysisRunner static constructor.
RoslynAnalysisRunner will not be running.
RoslynAnalysisRunner has terminated.
Mono: successfully reloaded assembly
- Completed reload, in  5.354 seconds
Platform modules already initialized, skipping
Registering precompiled user dll's ...
Registered in 0.000991 seconds.
Begin MonoManager ReloadAssembly
Symbol file data-0x7f8f25b49000 doesn't match image /Users/leosjulien/Documents/Self/Programing/Projects/Floww/Library/ScriptAssemblies/Assembly-CSharp.dll
Symbol file LoadedFromMemory is not a mono symbol file
Native extension for OSXStandalone target not found
Refreshing native plugins compatible for Editor in 0.25 ms, found 1 plugins.
Preloading 0 native plugins for Editor in 0.00 ms.
Invoked RoslynAnalysisRunner static constructor.
RoslynAnalysisRunner will not be running.
RoslynAnalysisRunner has terminated.
Mono: successfully reloaded assembly
- Completed reload, in  2.587 seconds
Platform modules already initialized, skipping
========================================================================
Worker process is ready to serve import requests
Launching external process: /Applications/Unity/Hub/Editor/2020.2.1f1/Unity.app/Contents/Tools/UnityShaderCompiler
Launched and connected shader compiler UnityShaderCompiler after 0.02 seconds
Refreshing native plugins compatible for Editor in 0.32 ms, found 1 plugins.
Preloading 0 native plugins for Editor in 0.00 ms.
Unloading 1101 Unused Serialized files (Serialized files now loaded: 0)
System memory in use before: 110.4 MB.
System memory in use after: 110.5 MB.

Unloading 9 unused Assets to reduce memory usage. Loaded Objects now: 1543.
Total: 3.031252 ms (FindLiveObjects: 0.243343 ms CreateObjectMapping: 0.063711 ms MarkObjects: 2.602162 ms  DeleteObjects: 0.120448 ms)

========================================================================
Received Import Request.
  path: Assets/Scripts/Path/Path.cs
  artifactKey: Guid(0437976c9dd734d7cadefca9cb406868) Importer(815301076,1909f56bfc062723c751e8b465ee728b)
Start importing Assets/Scripts/Path/Path.cs using Guid(0437976c9dd734d7cadefca9cb406868) Importer(815301076,1909f56bfc062723c751e8b465ee728b)  -> (artifact id: '52ca282c4d858215c66bf422fea387fc') in 0.840757 seconds
  Import took 0.844697 seconds .

========================================================================
Received Import Request.
  Time since last request: 119.524367 seconds.
  path: Assets/Scripts/Path/PathEditor.cs
  artifactKey: Guid(5f55912feac354e7699efbc3d7677f73) Importer(815301076,1909f56bfc062723c751e8b465ee728b)
Start importing Assets/Scripts/Path/PathEditor.cs using Guid(5f55912feac354e7699efbc3d7677f73) Importer(815301076,1909f56bfc062723c751e8b465ee728b)  -> (artifact id: 'ed57b6acbb8e13932c0c84b076627788') in 0.005045 seconds
  Import took 0.007664 seconds .

========================================================================
Received Import Request.
  Time since last request: 0.031718 seconds.
  path: Assets/Scripts/Path/PathEditor.cs
  artifactKey: Guid(5f55912feac354e7699efbc3d7677f73) Importer(815301076,1909f56bfc062723c751e8b465ee728b)
Start importing Assets/Scripts/Path/PathEditor.cs using Guid(5f55912feac354e7699efbc3d7677f73) Importer(815301076,1909f56bfc062723c751e8b465ee728b)  -> (artifact id: 'ed57b6acbb8e13932c0c84b076627788') in 0.004639 seconds
  Import took 0.007417 seconds .

========================================================================
Received Prepare
Registering precompiled user dll's ...
Registered in 0.001480 seconds.
Begin MonoManager ReloadAssembly
Symbol file data-0x7f8f2a9d8800 doesn't match image /Users/leosjulien/Documents/Self/Programing/Projects/Floww/Library/ScriptAssemblies/Assembly-CSharp.dll
Symbol file LoadedFromMemory is not a mono symbol file
Native extension for OSXStandalone target not found
Refreshing native plugins compatible for Editor in 0.24 ms, found 1 plugins.
Preloading 0 native plugins for Editor in 0.00 ms.
Invoked RoslynAnalysisRunner static constructor.
RoslynAnalysisRunner will not be running.
RoslynAnalysisRunner has terminated.
Mono: successfully reloaded assembly
- Completed reload, in  1.124 seconds
Platform modules already initialized, skipping
Refreshing native plugins compatible for Editor in 0.40 ms, found 1 plugins.
Preloading 0 native plugins for Editor in 0.00 ms.
Unloading 1095 Unused Serialized files (Serialized files now loaded: 0)
System memory in use before: 115.0 MB.
System memory in use after: 115.1 MB.

Unloading 4 unused Assets to reduce memory usage. Loaded Objects now: 1545.
Total: 2.807406 ms (FindLiveObjects: 0.350433 ms CreateObjectMapping: 0.102596 ms MarkObjects: 2.318971 ms  DeleteObjects: 0.033443 ms)

